<?xml version="1.0" encoding="UTF-8"?>
<!-- Generated by org.testng.reporters.JUnitXMLReporter -->
<testsuite hostname="a-PC" name="Login Test" tests="3" failures="1" timestamp="22 Jul 2016 02:41:05 GMT" time="45.613" errors="0">
  <testcase name="@AfterMethod quit" time="0.0" classname="com.qtpselenium.hybrid.sessionsuite.LoginTest">
    <failure type="java.lang.NullPointerException">
      <![CDATA[java.lang.NullPointerException
	at com.qtpselenium.hybrid.GenericKeywords.closeBrowser(GenericKeywords.java:112)
	at com.qtpselenium.hybrid.base.BaseTest.quit(BaseTest.java:29)
	at java.util.concurrent.FutureTask.run(FutureTask.java:266)
	at java.util.concurrent.ThreadPoolExecutor.runWorker(ThreadPoolExecutor.java:1142)
	at java.util.concurrent.ThreadPoolExecutor$Worker.run(ThreadPoolExecutor.java:617)
	at java.lang.Thread.run(Thread.java:745)
... Removed 18 stack frames]]>
    </failure>
  </testcase> <!-- @AfterMethod quit -->
  <testcase name="@AfterMethod quit" time="0.0" classname="com.qtpselenium.hybrid.sessionsuite.LoginTest">
    <skipped/>
  </testcase> <!-- @AfterMethod quit -->
  <testcase name="loginTest" time="36.57" classname="com.qtpselenium.hybrid.sessionsuite.LoginTest"/>
  <testcase name="loginTest" time="7.718" classname="com.qtpselenium.hybrid.sessionsuite.LoginTest">
    <failure type="java.lang.NullPointerException">
      <![CDATA[java.lang.NullPointerException
	at com.qtpselenium.hybrid.GenericKeywords.openBrowser(GenericKeywords.java:81)
	at com.qtpselenium.hybrid.Keywords.executeKeywords(Keywords.java:51)
	at com.qtpselenium.hybrid.sessionsuite.LoginTest.loginTest(LoginTest.java:47)
	at java.util.concurrent.FutureTask.run(FutureTask.java:266)
	at java.util.concurrent.ThreadPoolExecutor.runWorker(ThreadPoolExecutor.java:1142)
	at java.util.concurrent.ThreadPoolExecutor$Worker.run(ThreadPoolExecutor.java:617)
	at java.lang.Thread.run(Thread.java:745)
... Removed 16 stack frames]]>
    </failure>
  </testcase> <!-- loginTest -->
  <testcase name="loginTest" time="0.0" classname="com.qtpselenium.hybrid.sessionsuite.LoginTest">
    <skipped/>
  </testcase> <!-- loginTest -->
</testsuite> <!-- Login Test -->
