<?xml version="1.0" encoding="UTF-8"?>
<!-- Generated by org.testng.reporters.JUnitXMLReporter -->
<testsuite hostname="a-PC" name="Filter Mobile Test" tests="2" failures="0" timestamp="22 Jul 2016 02:41:05 GMT" time="45.518" errors="0">
  <testcase name="filterMobileTest" time="44.334" classname="com.qtpselenium.hybrid.product.FilterMobileTest"/>
  <testcase name="filterMobileTest" time="0.001" classname="com.qtpselenium.hybrid.product.FilterMobileTest">
    <skipped/>
  </testcase> <!-- filterMobileTest -->
</testsuite> <!-- Filter Mobile Test -->
