<?xml version="1.0" encoding="UTF-8"?>
<!-- Generated by org.testng.reporters.JUnitXMLReporter -->
<testsuite hostname="a-PC" name="Filter Mobile Test" tests="2" failures="0" timestamp="21 Jul 2016 17:33:23 GMT" time="0.945" errors="0">
  <testcase name="filterMobileTest" time="0.007" classname="com.qtpselenium.hybrid.product.FilterMobileTest">
    <skipped/>
  </testcase> <!-- filterMobileTest -->
  <testcase name="filterMobileTest" time="0.001" classname="com.qtpselenium.hybrid.product.FilterMobileTest">
    <skipped/>
  </testcase> <!-- filterMobileTest -->
</testsuite> <!-- Filter Mobile Test -->
